<?xml version="1.0" encoding="UTF-8"?>
<testng-results skipped="0" failed="0" ignored="0" total="2" passed="2">
  <reporter-output>
  </reporter-output>
  <suite name="ActiTime Cucumber Automation" duration-ms="84616" started-at="2022-04-06T22:30:09 IST" finished-at="2022-04-06T22:31:34 IST">
    <groups>
    </groups>
    <test name="Test SCenarios" duration-ms="84616" started-at="2022-04-06T22:30:09 IST" finished-at="2022-04-06T22:31:34 IST">
      <class name="com.sgtesting.actitime.testsuite.DriverScript">
        <test-method status="PASS" signature="setUpClass()[pri:0, instance:com.sgtesting.actitime.testsuite.DriverScript@29b5cd00]" name="setUpClass" is-config="true" duration-ms="553" started-at="2022-04-06T22:30:09 IST" finished-at="2022-04-06T22:30:10 IST">
          <reporter-output>
          </reporter-output>
        </test-method> <!-- setUpClass -->
        <test-method status="PASS" signature="feature(cucumber.api.testng.CucumberFeatureWrapper)[pri:0, instance:com.sgtesting.actitime.testsuite.DriverScript@29b5cd00]" name="feature" duration-ms="25036" started-at="2022-04-06T22:30:10 IST" data-provider="features" finished-at="2022-04-06T22:30:35 IST">
          <params>
            <param index="0">
              <value>
                <![CDATA[Login and Logout functionality]]>
              </value>
            </param>
          </params>
          <reporter-output>
          </reporter-output>
        </test-method> <!-- feature -->
        <test-method status="PASS" signature="feature(cucumber.api.testng.CucumberFeatureWrapper)[pri:0, instance:com.sgtesting.actitime.testsuite.DriverScript@29b5cd00]" name="feature" duration-ms="58001" started-at="2022-04-06T22:30:35 IST" data-provider="features" finished-at="2022-04-06T22:31:33 IST">
          <params>
            <param index="0">
              <value>
                <![CDATA[Create User Scenarios]]>
              </value>
            </param>
          </params>
          <reporter-output>
          </reporter-output>
        </test-method> <!-- feature -->
        <test-method status="PASS" signature="tearDownClass()[pri:0, instance:com.sgtesting.actitime.testsuite.DriverScript@29b5cd00]" name="tearDownClass" is-config="true" duration-ms="755" started-at="2022-04-06T22:31:33 IST" finished-at="2022-04-06T22:31:34 IST">
          <reporter-output>
          </reporter-output>
        </test-method> <!-- tearDownClass -->
        <test-method status="PASS" signature="writeExtentReport()[pri:0, instance:com.sgtesting.actitime.testsuite.DriverScript@29b5cd00]" name="writeExtentReport" is-config="true" duration-ms="39" started-at="2022-04-06T22:31:34 IST" finished-at="2022-04-06T22:31:34 IST">
          <reporter-output>
          </reporter-output>
        </test-method> <!-- writeExtentReport -->
      </class> <!-- com.sgtesting.actitime.testsuite.DriverScript -->
    </test> <!-- Test SCenarios -->
  </suite> <!-- ActiTime Cucumber Automation -->
</testng-results>
